<?xml version="1.0" encoding="UTF-8"?>
<testsuite name="asap.be.domain.ProductRepositoryTest" tests="1" skipped="0" failures="1" errors="0" timestamp="2023-03-30T10:34:28" hostname="seohyojin-ui-MacBookPro.local" time="0.704">
  <properties/>
  <testcase name="save()" classname="asap.be.domain.ProductRepositoryTest" time="0.704">
    <failure message="java.lang.NullPointerException" type="java.lang.NullPointerException">java.lang.NullPointerException
	at asap.be.domain.ProductRepositoryTest.save(ProductRepositoryTest.java:81)
	at java.base/jdk.internal.reflect.NativeMethodAccessorImpl.invoke0(Native Method)
	at java.base/jdk.internal.reflect.NativeMethodAccessorImpl.invoke(NativeMethodAccessorImpl.java:62)
	at java.base/jdk.internal.reflect.DelegatingMethodAccessorImpl.invoke(DelegatingMethodAccessorImpl.java:43)
	at java.base/java.lang.reflect.Method.invoke(Method.java:566)
	at org.junit.platform.commons.util.ReflectionUtils.invokeMethod(ReflectionUtils.java:725)
	at org.junit.jupiter.engine.execution.MethodInvocation.proceed(MethodInvocation.java:60)
	at org.junit.jupiter.engine.execution.InvocationInterceptorChain$ValidatingInvocation.proceed(InvocationInterceptorChain.java:131)
	at org.junit.jupiter.engine.extension.TimeoutExtension.intercept(TimeoutExtension.java:149)
	at org.junit.jupiter.engine.extension.TimeoutExtension.interceptTestableMethod(TimeoutExtension.java:140)
	at org.junit.jupiter.engine.extension.TimeoutExtension.interceptTestMethod(TimeoutExtension.java:84)
	at org.junit.jupiter.engine.execution.ExecutableInvoker$ReflectiveInterceptorCall.lambda$ofVoidMethod$0(ExecutableInvoker.java:115)
	at org.junit.jupiter.engine.execution.ExecutableInvoker.lambda$invoke$0(ExecutableInvoker.java:105)
	at org.junit.jupiter.engine.execution.InvocationInterceptorChain$InterceptedInvocation.proceed(InvocationInterceptorChain.java:106)
	at org.junit.jupiter.engine.execution.InvocationInterceptorChain.proceed(InvocationInterceptorChain.java:64)
	at org.junit.jupiter.engine.execution.InvocationInterceptorChain.chainAndInvoke(InvocationInterceptorChain.java:45)
	at org.junit.jupiter.engine.execution.InvocationInterceptorChain.invoke(InvocationInterceptorChain.java:37)
	at org.junit.jupiter.engine.execution.ExecutableInvoker.invoke(ExecutableInvoker.java:104)
	at org.junit.jupiter.engine.execution.ExecutableInvoker.invoke(ExecutableInvoker.java:98)
	at org.junit.jupiter.engine.descriptor.TestMethodTestDescriptor.lambda$invokeTestMethod$7(TestMethodTestDescriptor.java:214)
	at org.junit.platform.engine.support.hierarchical.ThrowableCollector.execute(ThrowableCollector.java:73)
	at org.junit.jupiter.engine.descriptor.TestMethodTestDescriptor.invokeTestMethod(TestMethodTestDescriptor.java:210)
	at org.junit.jupiter.engine.descriptor.TestMethodTestDescriptor.execute(TestMethodTestDescriptor.java:135)
	at org.junit.jupiter.engine.descriptor.TestMethodTestDescriptor.execute(TestMethodTestDescriptor.java:66)
	at org.junit.platform.engine.support.hierarchical.NodeTestTask.lambda$executeRecursively$6(NodeTestTask.java:151)
	at org.junit.platform.engine.support.hierarchical.ThrowableCollector.execute(ThrowableCollector.java:73)
	at org.junit.platform.engine.support.hierarchical.NodeTestTask.lambda$executeRecursively$8(NodeTestTask.java:141)
	at org.junit.platform.engine.support.hierarchical.Node.around(Node.java:137)
	at org.junit.platform.engine.support.hierarchical.NodeTestTask.lambda$executeRecursively$9(NodeTestTask.java:139)
	at org.junit.platform.engine.support.hierarchical.ThrowableCollector.execute(ThrowableCollector.java:73)
	at org.junit.platform.engine.support.hierarchical.NodeTestTask.executeRecursively(NodeTestTask.java:138)
	at org.junit.platform.engine.support.hierarchical.NodeTestTask.execute(NodeTestTask.java:95)
	at java.base/java.util.ArrayList.forEach(ArrayList.java:1541)
	at org.junit.platform.engine.support.hierarchical.SameThreadHierarchicalTestExecutorService.invokeAll(SameThreadHierarchicalTestExecutorService.java:41)
	at org.junit.platform.engine.support.hierarchical.NodeTestTask.lambda$executeRecursively$6(NodeTestTask.java:155)
	at org.junit.platform.engine.support.hierarchical.ThrowableCollector.execute(ThrowableCollector.java:73)
	at org.junit.platform.engine.support.hierarchical.NodeTestTask.lambda$executeRecursively$8(NodeTestTask.java:141)
	at org.junit.platform.engine.support.hierarchical.Node.around(Node.java:137)
	at org.junit.platform.engine.support.hierarchical.NodeTestTask.lambda$executeRecursively$9(NodeTestTask.java:139)
	at org.junit.platform.engine.support.hierarchical.ThrowableCollector.execute(ThrowableCollector.java:73)
	at org.junit.platform.engine.support.hierarchical.NodeTestTask.executeRecursively(NodeTestTask.java:138)
	at org.junit.platform.engine.support.hierarchical.NodeTestTask.execute(NodeTestTask.java:95)
	at java.base/java.util.ArrayList.forEach(ArrayList.java:1541)
	at org.junit.platform.engine.support.hierarchical.SameThreadHierarchicalTestExecutorService.invokeAll(SameThreadHierarchicalTestExecutorService.java:41)
	at org.junit.platform.engine.support.hierarchical.NodeTestTask.lambda$executeRecursively$6(NodeTestTask.java:155)
	at org.junit.platform.engine.support.hierarchical.ThrowableCollector.execute(ThrowableCollector.java:73)
	at org.junit.platform.engine.support.hierarchical.NodeTestTask.lambda$executeRecursively$8(NodeTestTask.java:141)
	at org.junit.platform.engine.support.hierarchical.Node.around(Node.java:137)
	at org.junit.platform.engine.support.hierarchical.NodeTestTask.lambda$executeRecursively$9(NodeTestTask.java:139)
	at org.junit.platform.engine.support.hierarchical.ThrowableCollector.execute(ThrowableCollector.java:73)
	at org.junit.platform.engine.support.hierarchical.NodeTestTask.executeRecursively(NodeTestTask.java:138)
	at org.junit.platform.engine.support.hierarchical.NodeTestTask.execute(NodeTestTask.java:95)
	at org.junit.platform.engine.support.hierarchical.SameThreadHierarchicalTestExecutorService.submit(SameThreadHierarchicalTestExecutorService.java:35)
	at org.junit.platform.engine.support.hierarchical.HierarchicalTestExecutor.execute(HierarchicalTestExecutor.java:57)
	at org.junit.platform.engine.support.hierarchical.HierarchicalTestEngine.execute(HierarchicalTestEngine.java:54)
	at org.junit.platform.launcher.core.EngineExecutionOrchestrator.execute(EngineExecutionOrchestrator.java:107)
	at org.junit.platform.launcher.core.EngineExecutionOrchestrator.execute(EngineExecutionOrchestrator.java:88)
	at org.junit.platform.launcher.core.EngineExecutionOrchestrator.lambda$execute$0(EngineExecutionOrchestrator.java:54)
	at org.junit.platform.launcher.core.EngineExecutionOrchestrator.withInterceptedStreams(EngineExecutionOrchestrator.java:67)
	at org.junit.platform.launcher.core.EngineExecutionOrchestrator.execute(EngineExecutionOrchestrator.java:52)
	at org.junit.platform.launcher.core.DefaultLauncher.execute(DefaultLauncher.java:114)
	at org.junit.platform.launcher.core.DefaultLauncher.execute(DefaultLauncher.java:86)
	at org.junit.platform.launcher.core.DefaultLauncherSession$DelegatingLauncher.execute(DefaultLauncherSession.java:86)
	at org.junit.platform.launcher.core.SessionPerRequestLauncher.execute(SessionPerRequestLauncher.java:53)
	at org.gradle.api.internal.tasks.testing.junitplatform.JUnitPlatformTestClassProcessor$CollectAllTestClassesExecutor.processAllTestClasses(JUnitPlatformTestClassProcessor.java:99)
	at org.gradle.api.internal.tasks.testing.junitplatform.JUnitPlatformTestClassProcessor$CollectAllTestClassesExecutor.access$000(JUnitPlatformTestClassProcessor.java:79)
	at org.gradle.api.internal.tasks.testing.junitplatform.JUnitPlatformTestClassProcessor.stop(JUnitPlatformTestClassProcessor.java:75)
	at org.gradle.api.internal.tasks.testing.SuiteTestClassProcessor.stop(SuiteTestClassProcessor.java:62)
	at java.base/jdk.internal.reflect.NativeMethodAccessorImpl.invoke0(Native Method)
	at java.base/jdk.internal.reflect.NativeMethodAccessorImpl.invoke(NativeMethodAccessorImpl.java:62)
	at java.base/jdk.internal.reflect.DelegatingMethodAccessorImpl.invoke(DelegatingMethodAccessorImpl.java:43)
	at java.base/java.lang.reflect.Method.invoke(Method.java:566)
	at org.gradle.internal.dispatch.ReflectionDispatch.dispatch(ReflectionDispatch.java:36)
	at org.gradle.internal.dispatch.ReflectionDispatch.dispatch(ReflectionDispatch.java:24)
	at org.gradle.internal.dispatch.ContextClassLoaderDispatch.dispatch(ContextClassLoaderDispatch.java:33)
	at org.gradle.internal.dispatch.ProxyDispatchAdapter$DispatchingInvocationHandler.invoke(ProxyDispatchAdapter.java:94)
	at com.sun.proxy.$Proxy2.stop(Unknown Source)
	at org.gradle.api.internal.tasks.testing.worker.TestWorker$3.run(TestWorker.java:193)
	at org.gradle.api.internal.tasks.testing.worker.TestWorker.executeAndMaintainThreadName(TestWorker.java:129)
	at org.gradle.api.internal.tasks.testing.worker.TestWorker.execute(TestWorker.java:100)
	at org.gradle.api.internal.tasks.testing.worker.TestWorker.execute(TestWorker.java:60)
	at org.gradle.process.internal.worker.child.ActionExecutionWorker.execute(ActionExecutionWorker.java:56)
	at org.gradle.process.internal.worker.child.SystemApplicationClassLoaderWorker.call(SystemApplicationClassLoaderWorker.java:113)
	at org.gradle.process.internal.worker.child.SystemApplicationClassLoaderWorker.call(SystemApplicationClassLoaderWorker.java:65)
	at worker.org.gradle.process.internal.worker.GradleWorkerMain.run(GradleWorkerMain.java:69)
	at worker.org.gradle.process.internal.worker.GradleWorkerMain.main(GradleWorkerMain.java:74)
</failure>
  </testcase>
  <system-out><![CDATA[19:34:23.311 [Test worker] DEBUG org.springframework.test.context.BootstrapUtils - Instantiating CacheAwareContextLoaderDelegate from class [org.springframework.test.context.cache.DefaultCacheAwareContextLoaderDelegate]
19:34:23.321 [Test worker] DEBUG org.springframework.test.context.BootstrapUtils - Instantiating BootstrapContext using constructor [public org.springframework.test.context.support.DefaultBootstrapContext(java.lang.Class,org.springframework.test.context.CacheAwareContextLoaderDelegate)]
19:34:23.354 [Test worker] DEBUG org.springframework.test.context.BootstrapUtils - Instantiating TestContextBootstrapper for test class [asap.be.domain.ProductRepositoryTest] from class [org.springframework.boot.test.context.SpringBootTestContextBootstrapper]
19:34:23.369 [Test worker] INFO org.springframework.boot.test.context.SpringBootTestContextBootstrapper - Neither @ContextConfiguration nor @ContextHierarchy found for test class [asap.be.domain.ProductRepositoryTest], using SpringBootContextLoader
19:34:23.373 [Test worker] DEBUG org.springframework.test.context.support.AbstractContextLoader - Did not detect default resource location for test class [asap.be.domain.ProductRepositoryTest]: class path resource [asap/be/domain/ProductRepositoryTest-context.xml] does not exist
19:34:23.375 [Test worker] DEBUG org.springframework.test.context.support.AbstractContextLoader - Did not detect default resource location for test class [asap.be.domain.ProductRepositoryTest]: class path resource [asap/be/domain/ProductRepositoryTestContext.groovy] does not exist
19:34:23.375 [Test worker] INFO org.springframework.test.context.support.AbstractContextLoader - Could not detect default resource locations for test class [asap.be.domain.ProductRepositoryTest]: no resource found for suffixes {-context.xml, Context.groovy}.
19:34:23.376 [Test worker] INFO org.springframework.test.context.support.AnnotationConfigContextLoaderUtils - Could not detect default configuration classes for test class [asap.be.domain.ProductRepositoryTest]: ProductRepositoryTest does not declare any static, non-private, non-final, nested classes annotated with @Configuration.
19:34:23.445 [Test worker] DEBUG org.springframework.test.context.support.ActiveProfilesUtils - Could not find an 'annotation declaring class' for annotation type [org.springframework.test.context.ActiveProfiles] and class [asap.be.domain.ProductRepositoryTest]
19:34:23.536 [Test worker] DEBUG org.springframework.context.annotation.ClassPathScanningCandidateComponentProvider - Identified candidate component class: file [/Users/hyoreal51/projects/asap/be/build/classes/java/main/asap/be/BeApplication.class]
19:34:23.538 [Test worker] INFO org.springframework.boot.test.context.SpringBootTestContextBootstrapper - Found @SpringBootConfiguration asap.be.BeApplication for test class asap.be.domain.ProductRepositoryTest
19:34:23.698 [Test worker] DEBUG org.springframework.boot.test.context.SpringBootTestContextBootstrapper - @TestExecutionListeners is not present for class [asap.be.domain.ProductRepositoryTest]: using defaults.
19:34:23.701 [Test worker] INFO org.springframework.boot.test.context.SpringBootTestContextBootstrapper - Loaded default TestExecutionListener class names from location [META-INF/spring.factories]: [org.springframework.boot.test.autoconfigure.restdocs.RestDocsTestExecutionListener, org.springframework.boot.test.autoconfigure.web.client.MockRestServiceServerResetTestExecutionListener, org.springframework.boot.test.autoconfigure.web.servlet.MockMvcPrintOnlyOnFailureTestExecutionListener, org.springframework.boot.test.autoconfigure.web.servlet.WebDriverTestExecutionListener, org.springframework.boot.test.autoconfigure.webservices.client.MockWebServiceServerTestExecutionListener, org.springframework.boot.test.mock.mockito.MockitoTestExecutionListener, org.springframework.boot.test.mock.mockito.ResetMocksTestExecutionListener, org.springframework.test.context.web.ServletTestExecutionListener, org.springframework.test.context.support.DirtiesContextBeforeModesTestExecutionListener, org.springframework.test.context.event.ApplicationEventsTestExecutionListener, org.springframework.test.context.support.DependencyInjectionTestExecutionListener, org.springframework.test.context.support.DirtiesContextTestExecutionListener, org.springframework.test.context.transaction.TransactionalTestExecutionListener, org.springframework.test.context.jdbc.SqlScriptsTestExecutionListener, org.springframework.test.context.event.EventPublishingTestExecutionListener]
19:34:23.720 [Test worker] INFO org.springframework.boot.test.context.SpringBootTestContextBootstrapper - Using TestExecutionListeners: [org.springframework.test.context.web.ServletTestExecutionListener@2b46a8c1, org.springframework.test.context.support.DirtiesContextBeforeModesTestExecutionListener@1d572e62, org.springframework.test.context.event.ApplicationEventsTestExecutionListener@29caf222, org.springframework.boot.test.mock.mockito.MockitoTestExecutionListener@46cf05f7, org.springframework.boot.test.autoconfigure.SpringBootDependencyInjectionTestExecutionListener@5851bd4f, org.springframework.test.context.support.DirtiesContextTestExecutionListener@7cd1ac19, org.springframework.test.context.transaction.TransactionalTestExecutionListener@2f40a43, org.springframework.test.context.jdbc.SqlScriptsTestExecutionListener@3caa4757, org.springframework.test.context.event.EventPublishingTestExecutionListener@69c43e48, org.springframework.boot.test.autoconfigure.restdocs.RestDocsTestExecutionListener@1804f60d, org.springframework.boot.test.autoconfigure.web.client.MockRestServiceServerResetTestExecutionListener@3a80515c, org.springframework.boot.test.autoconfigure.web.servlet.MockMvcPrintOnlyOnFailureTestExecutionListener@547e29a4, org.springframework.boot.test.autoconfigure.web.servlet.WebDriverTestExecutionListener@1c807b1d, org.springframework.boot.test.autoconfigure.webservices.client.MockWebServiceServerTestExecutionListener@238b521e, org.springframework.boot.test.mock.mockito.ResetMocksTestExecutionListener@1b39fd82]
19:34:23.724 [Test worker] DEBUG org.springframework.test.context.support.AbstractDirtiesContextTestExecutionListener - Before test class: context [DefaultTestContext@436390f4 testClass = ProductRepositoryTest, testInstance = [null], testMethod = [null], testException = [null], mergedContextConfiguration = [WebMergedContextConfiguration@4d157787 testClass = ProductRepositoryTest, locations = '{}', classes = '{class asap.be.BeApplication}', contextInitializerClasses = '[]', activeProfiles = '{}', propertySourceLocations = '{}', propertySourceProperties = '{org.springframework.boot.test.context.SpringBootTestContextBootstrapper=true}', contextCustomizers = set[org.springframework.boot.test.autoconfigure.actuate.metrics.MetricsExportContextCustomizerFactory$DisableMetricExportContextCustomizer@21baa903, org.springframework.boot.test.autoconfigure.properties.PropertyMappingContextCustomizer@0, org.springframework.boot.test.autoconfigure.web.servlet.WebDriverContextCustomizerFactory$Customizer@2b5825fa, org.springframework.boot.test.context.filter.ExcludeFilterContextCustomizer@2262b621, org.springframework.boot.test.json.DuplicateJsonObjectContextCustomizerFactory$DuplicateJsonObjectContextCustomizer@25e2a451, org.springframework.boot.test.mock.mockito.MockitoContextCustomizer@0, org.springframework.boot.test.web.client.TestRestTemplateContextCustomizer@129b4fe2, org.springframework.boot.test.context.SpringBootTestArgs@1, org.springframework.boot.test.context.SpringBootTestWebEnvironment@4e0ae11f], resourceBasePath = 'src/main/webapp', contextLoader = 'org.springframework.boot.test.context.SpringBootContextLoader', parent = [null]], attributes = map['org.springframework.test.context.web.ServletTestExecutionListener.activateListener' -> true]], class annotated with @DirtiesContext [false] with mode [null].

  .   ____          _            __ _ _
 /\\ / ___'_ __ _ _(_)_ __  __ _ \ \ \ \
( ( )\___ | '_ | '_| | '_ \/ _` | \ \ \ \
 \\/  ___)| |_)| | | | | || (_| |  ) ) ) )
  '  |____| .__|_| |_|_| |_\__, | / / / /
 =========|_|==============|___/=/_/_/_/
 :: Spring Boot ::                (v2.7.1)

2023-03-30 19:34:24.362  INFO 82527 --- [    Test worker] asap.be.domain.ProductRepositoryTest     : Starting ProductRepositoryTest using Java 11.0.18 on seohyojin-ui-MacBookPro.local with PID 82527 (started by hyoreal51 in /Users/hyoreal51/projects/asap/be)
2023-03-30 19:34:24.364  INFO 82527 --- [    Test worker] asap.be.domain.ProductRepositoryTest     : The following 1 profile is active: "local"
2023-03-30 19:34:25.320  INFO 82527 --- [    Test worker] .s.d.r.c.RepositoryConfigurationDelegate : Bootstrapping Spring Data JDBC repositories in DEFAULT mode.
2023-03-30 19:34:25.403  INFO 82527 --- [    Test worker] .s.d.r.c.RepositoryConfigurationDelegate : Finished Spring Data repository scanning in 34 ms. Found 0 JDBC repository interfaces.
2023-03-30 19:34:27.577  INFO 82527 --- [    Test worker] com.zaxxer.hikari.HikariDataSource       : HikariPool-1 - Starting...
2023-03-30 19:34:27.952  INFO 82527 --- [    Test worker] com.zaxxer.hikari.HikariDataSource       : HikariPool-1 - Start completed.
2023-03-30 19:34:28.272  INFO 82527 --- [    Test worker] asap.be.domain.ProductRepositoryTest     : Started ProductRepositoryTest in 4.505 seconds (JVM running for 6.126)
2023-03-30 19:34:28.325  INFO 82527 --- [    Test worker] o.s.t.c.transaction.TransactionContext   : Began transaction (1) for test context [DefaultTestContext@436390f4 testClass = ProductRepositoryTest, testInstance = asap.be.domain.ProductRepositoryTest@6eaf030c, testMethod = save@ProductRepositoryTest, testException = [null], mergedContextConfiguration = [WebMergedContextConfiguration@4d157787 testClass = ProductRepositoryTest, locations = '{}', classes = '{class asap.be.BeApplication}', contextInitializerClasses = '[]', activeProfiles = '{}', propertySourceLocations = '{}', propertySourceProperties = '{org.springframework.boot.test.context.SpringBootTestContextBootstrapper=true}', contextCustomizers = set[org.springframework.boot.test.autoconfigure.actuate.metrics.MetricsExportContextCustomizerFactory$DisableMetricExportContextCustomizer@21baa903, org.springframework.boot.test.autoconfigure.properties.PropertyMappingContextCustomizer@0, org.springframework.boot.test.autoconfigure.web.servlet.WebDriverContextCustomizerFactory$Customizer@2b5825fa, org.springframework.boot.test.context.filter.ExcludeFilterContextCustomizer@2262b621, org.springframework.boot.test.json.DuplicateJsonObjectContextCustomizerFactory$DuplicateJsonObjectContextCustomizer@25e2a451, org.springframework.boot.test.mock.mockito.MockitoContextCustomizer@0, org.springframework.boot.test.web.client.TestRestTemplateContextCustomizer@129b4fe2, org.springframework.boot.test.context.SpringBootTestArgs@1, org.springframework.boot.test.context.SpringBootTestWebEnvironment@4e0ae11f], resourceBasePath = 'src/main/webapp', contextLoader = 'org.springframework.boot.test.context.SpringBootContextLoader', parent = [null]], attributes = map['org.springframework.test.context.web.ServletTestExecutionListener.activateListener' -> true, 'org.springframework.test.context.web.ServletTestExecutionListener.populatedRequestContextHolder' -> true, 'org.springframework.test.context.web.ServletTestExecutionListener.resetRequestContextHolder' -> true, 'org.springframework.test.context.event.ApplicationEventsTestExecutionListener.recordApplicationEvents' -> false]]; transaction manager [org.springframework.jdbc.support.JdbcTransactionManager@b2da3a5]; rollback [true]
2023-03-30 19:34:28.840 DEBUG 82527 --- [    Test worker] a.b.r.mybatis.ProductMapper.save         : ==>  Preparing: INSERT INTO Product_table (pname, price, pcode) VALUES (?, ?, ?);
2023-03-30 19:34:28.879 DEBUG 82527 --- [    Test worker] a.b.r.mybatis.ProductMapper.save         : ==> Parameters: TEST PRODUCT NAME(String), 10000(Integer), 4534554533(String)
2023-03-30 19:34:28.885 DEBUG 82527 --- [    Test worker] a.b.r.mybatis.ProductMapper.save         : <==    Updates: 1
2023-03-30 19:34:28.886 DEBUG 82527 --- [    Test worker] a.b.r.m.ProductMapper.save!selectKey     : ==>  Preparing: SELECT LAST_INSERT_ID()
2023-03-30 19:34:28.886 DEBUG 82527 --- [    Test worker] a.b.r.m.ProductMapper.save!selectKey     : ==> Parameters: 
2023-03-30 19:34:28.919 TRACE 82527 --- [    Test worker] a.b.r.m.ProductMapper.save!selectKey     : <==    Columns: LAST_INSERT_ID()
2023-03-30 19:34:28.920 TRACE 82527 --- [    Test worker] a.b.r.m.ProductMapper.save!selectKey     : <==        Row: 100011
2023-03-30 19:34:28.924 DEBUG 82527 --- [    Test worker] a.b.r.m.ProductMapper.save!selectKey     : <==      Total: 1
2023-03-30 19:34:28.941 DEBUG 82527 --- [    Test worker] a.b.r.mybatis.ReleaseMapper.sSave        : ==>  Preparing: INSERT INTO Stock_table (pId, cnt, receive_in) VALUES (?, ?, now());
2023-03-30 19:34:28.942 DEBUG 82527 --- [    Test worker] a.b.r.mybatis.ReleaseMapper.sSave        : ==> Parameters: 100011(Long), 10(Integer)
2023-03-30 19:34:28.944 DEBUG 82527 --- [    Test worker] a.b.r.mybatis.ReleaseMapper.sSave        : <==    Updates: 1
2023-03-30 19:34:28.944 DEBUG 82527 --- [    Test worker] a.b.r.m.ReleaseMapper.sSave!selectKey    : ==>  Preparing: SELECT LAST_INSERT_ID()
2023-03-30 19:34:28.944 DEBUG 82527 --- [    Test worker] a.b.r.m.ReleaseMapper.sSave!selectKey    : ==> Parameters: 
2023-03-30 19:34:28.945 TRACE 82527 --- [    Test worker] a.b.r.m.ReleaseMapper.sSave!selectKey    : <==    Columns: LAST_INSERT_ID()
2023-03-30 19:34:28.947 TRACE 82527 --- [    Test worker] a.b.r.m.ReleaseMapper.sSave!selectKey    : <==        Row: 100011
2023-03-30 19:34:28.948 DEBUG 82527 --- [    Test worker] a.b.r.m.ReleaseMapper.sSave!selectKey    : <==      Total: 1
2023-03-30 19:34:28.976 DEBUG 82527 --- [    Test worker] a.b.r.mybatis.WarehouseMapper.wSave      : ==>  Preparing: INSERT INTO Warehouse_table (sId, wName, wLoc) VALUES (?, ?, ?);
2023-03-30 19:34:28.978 DEBUG 82527 --- [    Test worker] a.b.r.mybatis.WarehouseMapper.wSave      : ==> Parameters: 100011(Long), TEMP WAREHOUSE NAME(String), SEOUL(String)
2023-03-30 19:34:28.980 DEBUG 82527 --- [    Test worker] a.b.r.mybatis.WarehouseMapper.wSave      : <==    Updates: 1
2023-03-30 19:34:28.980 DEBUG 82527 --- [    Test worker] a.b.r.mybatis.ProductMapper.findById     : ==>  Preparing: SELECT p.pId, p.pName, p.price, p.pCode, s.sId, s.cnt, s.receive_in, w.wId, w.wName, w.wLoc FROM Product_table AS p JOIN Stock_table AS s ON p.pId = s.pId JOIN Warehouse_table AS w ON s.sId = w.sId WHERE p.pId = ?
2023-03-30 19:34:28.981 DEBUG 82527 --- [    Test worker] a.b.r.mybatis.ProductMapper.findById     : ==> Parameters: null
2023-03-30 19:34:28.982 DEBUG 82527 --- [    Test worker] a.b.r.mybatis.ProductMapper.findById     : <==      Total: 0
2023-03-30 19:34:29.008  INFO 82527 --- [    Test worker] o.s.t.c.transaction.TransactionContext   : Rolled back transaction for test: [DefaultTestContext@436390f4 testClass = ProductRepositoryTest, testInstance = asap.be.domain.ProductRepositoryTest@6eaf030c, testMethod = save@ProductRepositoryTest, testException = java.lang.NullPointerException, mergedContextConfiguration = [WebMergedContextConfiguration@4d157787 testClass = ProductRepositoryTest, locations = '{}', classes = '{class asap.be.BeApplication}', contextInitializerClasses = '[]', activeProfiles = '{}', propertySourceLocations = '{}', propertySourceProperties = '{org.springframework.boot.test.context.SpringBootTestContextBootstrapper=true}', contextCustomizers = set[org.springframework.boot.test.autoconfigure.actuate.metrics.MetricsExportContextCustomizerFactory$DisableMetricExportContextCustomizer@21baa903, org.springframework.boot.test.autoconfigure.properties.PropertyMappingContextCustomizer@0, org.springframework.boot.test.autoconfigure.web.servlet.WebDriverContextCustomizerFactory$Customizer@2b5825fa, org.springframework.boot.test.context.filter.ExcludeFilterContextCustomizer@2262b621, org.springframework.boot.test.json.DuplicateJsonObjectContextCustomizerFactory$DuplicateJsonObjectContextCustomizer@25e2a451, org.springframework.boot.test.mock.mockito.MockitoContextCustomizer@0, org.springframework.boot.test.web.client.TestRestTemplateContextCustomizer@129b4fe2, org.springframework.boot.test.context.SpringBootTestArgs@1, org.springframework.boot.test.context.SpringBootTestWebEnvironment@4e0ae11f], resourceBasePath = 'src/main/webapp', contextLoader = 'org.springframework.boot.test.context.SpringBootContextLoader', parent = [null]], attributes = map['org.springframework.test.context.web.ServletTestExecutionListener.activateListener' -> true, 'org.springframework.test.context.web.ServletTestExecutionListener.populatedRequestContextHolder' -> true, 'org.springframework.test.context.web.ServletTestExecutionListener.resetRequestContextHolder' -> true, 'org.springframework.test.context.event.ApplicationEventsTestExecutionListener.recordApplicationEvents' -> false]]
]]></system-out>
  <system-err><![CDATA[]]></system-err>
</testsuite>
