<?xml version="1.0" encoding="UTF-8"?>
<testsuite name="asap.be.repository.productTest" tests="1" skipped="0" failures="0" errors="0" timestamp="2023-03-30T10:39:42" hostname="KMS" time="1.882">
  <properties/>
  <testcase name="저장" classname="asap.be.repository.productTest" time="1.882"/>
  <system-out><![CDATA[19:39:37.668 [Test worker] DEBUG org.springframework.test.context.BootstrapUtils - Instantiating CacheAwareContextLoaderDelegate from class [org.springframework.test.context.cache.DefaultCacheAwareContextLoaderDelegate]
19:39:37.686 [Test worker] DEBUG org.springframework.test.context.BootstrapUtils - Instantiating BootstrapContext using constructor [public org.springframework.test.context.support.DefaultBootstrapContext(java.lang.Class,org.springframework.test.context.CacheAwareContextLoaderDelegate)]
19:39:37.739 [Test worker] DEBUG org.springframework.test.context.BootstrapUtils - Instantiating TestContextBootstrapper for test class [asap.be.repository.productTest] from class [org.springframework.boot.test.context.SpringBootTestContextBootstrapper]
19:39:37.758 [Test worker] INFO org.springframework.boot.test.context.SpringBootTestContextBootstrapper - Neither @ContextConfiguration nor @ContextHierarchy found for test class [asap.be.repository.productTest], using SpringBootContextLoader
19:39:37.772 [Test worker] DEBUG org.springframework.test.context.support.AbstractContextLoader - Did not detect default resource location for test class [asap.be.repository.productTest]: class path resource [asap/be/repository/productTest-context.xml] does not exist
19:39:37.776 [Test worker] DEBUG org.springframework.test.context.support.AbstractContextLoader - Did not detect default resource location for test class [asap.be.repository.productTest]: class path resource [asap/be/repository/productTestContext.groovy] does not exist
19:39:37.776 [Test worker] INFO org.springframework.test.context.support.AbstractContextLoader - Could not detect default resource locations for test class [asap.be.repository.productTest]: no resource found for suffixes {-context.xml, Context.groovy}.
19:39:37.779 [Test worker] INFO org.springframework.test.context.support.AnnotationConfigContextLoaderUtils - Could not detect default configuration classes for test class [asap.be.repository.productTest]: productTest does not declare any static, non-private, non-final, nested classes annotated with @Configuration.
19:39:37.874 [Test worker] DEBUG org.springframework.test.context.support.ActiveProfilesUtils - Could not find an 'annotation declaring class' for annotation type [org.springframework.test.context.ActiveProfiles] and class [asap.be.repository.productTest]
19:39:38.011 [Test worker] DEBUG org.springframework.context.annotation.ClassPathScanningCandidateComponentProvider - Identified candidate component class: file [C:\Users\PC\Desktop\asap\be\build\classes\java\main\asap\be\BeApplication.class]
19:39:38.014 [Test worker] INFO org.springframework.boot.test.context.SpringBootTestContextBootstrapper - Found @SpringBootConfiguration asap.be.BeApplication for test class asap.be.repository.productTest
19:39:38.234 [Test worker] DEBUG org.springframework.boot.test.context.SpringBootTestContextBootstrapper - @TestExecutionListeners is not present for class [asap.be.repository.productTest]: using defaults.
19:39:38.235 [Test worker] INFO org.springframework.boot.test.context.SpringBootTestContextBootstrapper - Loaded default TestExecutionListener class names from location [META-INF/spring.factories]: [org.springframework.boot.test.autoconfigure.restdocs.RestDocsTestExecutionListener, org.springframework.boot.test.autoconfigure.web.client.MockRestServiceServerResetTestExecutionListener, org.springframework.boot.test.autoconfigure.web.servlet.MockMvcPrintOnlyOnFailureTestExecutionListener, org.springframework.boot.test.autoconfigure.web.servlet.WebDriverTestExecutionListener, org.springframework.boot.test.autoconfigure.webservices.client.MockWebServiceServerTestExecutionListener, org.springframework.boot.test.mock.mockito.MockitoTestExecutionListener, org.springframework.boot.test.mock.mockito.ResetMocksTestExecutionListener, org.springframework.test.context.web.ServletTestExecutionListener, org.springframework.test.context.support.DirtiesContextBeforeModesTestExecutionListener, org.springframework.test.context.event.ApplicationEventsTestExecutionListener, org.springframework.test.context.support.DependencyInjectionTestExecutionListener, org.springframework.test.context.support.DirtiesContextTestExecutionListener, org.springframework.test.context.transaction.TransactionalTestExecutionListener, org.springframework.test.context.jdbc.SqlScriptsTestExecutionListener, org.springframework.test.context.event.EventPublishingTestExecutionListener]
19:39:38.267 [Test worker] INFO org.springframework.boot.test.context.SpringBootTestContextBootstrapper - Using TestExecutionListeners: [org.springframework.test.context.web.ServletTestExecutionListener@3f2049b6, org.springframework.test.context.support.DirtiesContextBeforeModesTestExecutionListener@10b3df93, org.springframework.test.context.event.ApplicationEventsTestExecutionListener@ea27e34, org.springframework.boot.test.mock.mockito.MockitoTestExecutionListener@33a2499c, org.springframework.boot.test.autoconfigure.SpringBootDependencyInjectionTestExecutionListener@e72dba7, org.springframework.test.context.support.DirtiesContextTestExecutionListener@33c2bd, org.springframework.test.context.transaction.TransactionalTestExecutionListener@1dfd5f51, org.springframework.test.context.jdbc.SqlScriptsTestExecutionListener@3c321bdb, org.springframework.test.context.event.EventPublishingTestExecutionListener@24855019, org.springframework.boot.test.autoconfigure.restdocs.RestDocsTestExecutionListener@3abd581e, org.springframework.boot.test.autoconfigure.web.client.MockRestServiceServerResetTestExecutionListener@4d4d8fcf, org.springframework.boot.test.autoconfigure.web.servlet.MockMvcPrintOnlyOnFailureTestExecutionListener@610db97e, org.springframework.boot.test.autoconfigure.web.servlet.WebDriverTestExecutionListener@6f0628de, org.springframework.boot.test.autoconfigure.webservices.client.MockWebServiceServerTestExecutionListener@3fabf088, org.springframework.boot.test.mock.mockito.ResetMocksTestExecutionListener@1e392345]
19:39:38.273 [Test worker] DEBUG org.springframework.test.context.support.AbstractDirtiesContextTestExecutionListener - Before test class: context [DefaultTestContext@50d68830 testClass = productTest, testInstance = [null], testMethod = [null], testException = [null], mergedContextConfiguration = [WebMergedContextConfiguration@1e53135d testClass = productTest, locations = '{}', classes = '{class asap.be.BeApplication}', contextInitializerClasses = '[]', activeProfiles = '{}', propertySourceLocations = '{}', propertySourceProperties = '{org.springframework.boot.test.context.SpringBootTestContextBootstrapper=true}', contextCustomizers = set[org.springframework.boot.test.autoconfigure.actuate.metrics.MetricsExportContextCustomizerFactory$DisableMetricExportContextCustomizer@2a3c96e3, org.springframework.boot.test.autoconfigure.properties.PropertyMappingContextCustomizer@0, org.springframework.boot.test.autoconfigure.web.servlet.WebDriverContextCustomizerFactory$Customizer@1fcb4808, org.springframework.boot.test.context.filter.ExcludeFilterContextCustomizer@e077866, org.springframework.boot.test.json.DuplicateJsonObjectContextCustomizerFactory$DuplicateJsonObjectContextCustomizer@1c7fd41f, org.springframework.boot.test.mock.mockito.MockitoContextCustomizer@0, org.springframework.boot.test.web.client.TestRestTemplateContextCustomizer@1fdfafd2, org.springframework.boot.test.context.SpringBootTestArgs@1, org.springframework.boot.test.context.SpringBootTestWebEnvironment@56dc1551], resourceBasePath = 'src/main/webapp', contextLoader = 'org.springframework.boot.test.context.SpringBootContextLoader', parent = [null]], attributes = map['org.springframework.test.context.web.ServletTestExecutionListener.activateListener' -> true]], class annotated with @DirtiesContext [false] with mode [null].

  .   ____          _            __ _ _
 /\\ / ___'_ __ _ _(_)_ __  __ _ \ \ \ \
( ( )\___ | '_ | '_| | '_ \/ _` | \ \ \ \
 \\/  ___)| |_)| | | | | || (_| |  ) ) ) )
  '  |____| .__|_| |_|_| |_\__, | / / / /
 =========|_|==============|___/=/_/_/_/
 :: Spring Boot ::                (v2.7.1)

2023-03-30 19:39:38.955  INFO 19364 --- [    Test worker] asap.be.repository.productTest           : Starting productTest using Java 11.0.14.1 on KMS with PID 19364 (started by PC in C:\Users\PC\Desktop\asap\be)
2023-03-30 19:39:38.958 DEBUG 19364 --- [    Test worker] asap.be.repository.productTest           : Running with Spring Boot v2.7.1, Spring v5.3.21
2023-03-30 19:39:38.959  INFO 19364 --- [    Test worker] asap.be.repository.productTest           : The following 1 profile is active: "local"
2023-03-30 19:39:42.753  INFO 19364 --- [    Test worker] asap.be.repository.productTest           : Started productTest in 4.421 seconds (JVM running for 6.512)
2023-03-30 19:39:42.847  INFO 19364 --- [    Test worker] com.zaxxer.hikari.HikariDataSource       : HikariPool-1 - Starting...
2023-03-30 19:39:43.485  INFO 19364 --- [    Test worker] com.zaxxer.hikari.HikariDataSource       : HikariPool-1 - Start completed.
2023-03-30 19:39:43.498  INFO 19364 --- [    Test worker] o.s.t.c.transaction.TransactionContext   : Began transaction (1) for test context [DefaultTestContext@50d68830 testClass = productTest, testInstance = asap.be.repository.productTest@61e14b53, testMethod = save@productTest, testException = [null], mergedContextConfiguration = [WebMergedContextConfiguration@1e53135d testClass = productTest, locations = '{}', classes = '{class asap.be.BeApplication}', contextInitializerClasses = '[]', activeProfiles = '{}', propertySourceLocations = '{}', propertySourceProperties = '{org.springframework.boot.test.context.SpringBootTestContextBootstrapper=true}', contextCustomizers = set[org.springframework.boot.test.autoconfigure.actuate.metrics.MetricsExportContextCustomizerFactory$DisableMetricExportContextCustomizer@2a3c96e3, org.springframework.boot.test.autoconfigure.properties.PropertyMappingContextCustomizer@0, org.springframework.boot.test.autoconfigure.web.servlet.WebDriverContextCustomizerFactory$Customizer@1fcb4808, org.springframework.boot.test.context.filter.ExcludeFilterContextCustomizer@e077866, org.springframework.boot.test.json.DuplicateJsonObjectContextCustomizerFactory$DuplicateJsonObjectContextCustomizer@1c7fd41f, org.springframework.boot.test.mock.mockito.MockitoContextCustomizer@0, org.springframework.boot.test.web.client.TestRestTemplateContextCustomizer@1fdfafd2, org.springframework.boot.test.context.SpringBootTestArgs@1, org.springframework.boot.test.context.SpringBootTestWebEnvironment@56dc1551], resourceBasePath = 'src/main/webapp', contextLoader = 'org.springframework.boot.test.context.SpringBootContextLoader', parent = [null]], attributes = map['org.springframework.test.context.web.ServletTestExecutionListener.activateListener' -> true, 'org.springframework.test.context.web.ServletTestExecutionListener.populatedRequestContextHolder' -> true, 'org.springframework.test.context.web.ServletTestExecutionListener.resetRequestContextHolder' -> true, 'org.springframework.test.context.event.ApplicationEventsTestExecutionListener.recordApplicationEvents' -> false]]; transaction manager [org.springframework.jdbc.support.JdbcTransactionManager@31b6b0c7]; rollback [true]
2023-03-30 19:39:44.616 DEBUG 19364 --- [    Test worker] asap.be.repository.ProductMapper.save    : ==>  Preparing: INSERT INTO product_table (pName, price, pCode) VALUES (?, ?, ?)
2023-03-30 19:39:44.668 DEBUG 19364 --- [    Test worker] asap.be.repository.ProductMapper.save    : ==> Parameters: test product(String), 10000(Integer), barcode1(String)
2023-03-30 19:39:44.675 DEBUG 19364 --- [    Test worker] asap.be.repository.ProductMapper.save    : <==    Updates: 1
2023-03-30 19:39:44.676  INFO 19364 --- [    Test worker] asap.be.repository.ProductRepository     : 저장되었습니다.
2023-03-30 19:39:44.688  INFO 19364 --- [    Test worker] o.s.t.c.transaction.TransactionContext   : Rolled back transaction for test: [DefaultTestContext@50d68830 testClass = productTest, testInstance = asap.be.repository.productTest@61e14b53, testMethod = save@productTest, testException = [null], mergedContextConfiguration = [WebMergedContextConfiguration@1e53135d testClass = productTest, locations = '{}', classes = '{class asap.be.BeApplication}', contextInitializerClasses = '[]', activeProfiles = '{}', propertySourceLocations = '{}', propertySourceProperties = '{org.springframework.boot.test.context.SpringBootTestContextBootstrapper=true}', contextCustomizers = set[org.springframework.boot.test.autoconfigure.actuate.metrics.MetricsExportContextCustomizerFactory$DisableMetricExportContextCustomizer@2a3c96e3, org.springframework.boot.test.autoconfigure.properties.PropertyMappingContextCustomizer@0, org.springframework.boot.test.autoconfigure.web.servlet.WebDriverContextCustomizerFactory$Customizer@1fcb4808, org.springframework.boot.test.context.filter.ExcludeFilterContextCustomizer@e077866, org.springframework.boot.test.json.DuplicateJsonObjectContextCustomizerFactory$DuplicateJsonObjectContextCustomizer@1c7fd41f, org.springframework.boot.test.mock.mockito.MockitoContextCustomizer@0, org.springframework.boot.test.web.client.TestRestTemplateContextCustomizer@1fdfafd2, org.springframework.boot.test.context.SpringBootTestArgs@1, org.springframework.boot.test.context.SpringBootTestWebEnvironment@56dc1551], resourceBasePath = 'src/main/webapp', contextLoader = 'org.springframework.boot.test.context.SpringBootContextLoader', parent = [null]], attributes = map['org.springframework.test.context.web.ServletTestExecutionListener.activateListener' -> true, 'org.springframework.test.context.web.ServletTestExecutionListener.populatedRequestContextHolder' -> true, 'org.springframework.test.context.web.ServletTestExecutionListener.resetRequestContextHolder' -> true, 'org.springframework.test.context.event.ApplicationEventsTestExecutionListener.recordApplicationEvents' -> false]]
]]></system-out>
  <system-err><![CDATA[]]></system-err>
</testsuite>
